C51 COMPILER V9.01   TIMER                                                                 10/27/2016 14:52:32 PAGE 1   


C51 COMPILER V9.01, COMPILATION OF MODULE TIMER
OBJECT MODULE PLACED IN obj\Release\timer.obj
COMPILER INVOKED BY: C:\Keil\C51\BIN\C51.exe ..\timer.c OBJECT(obj\Release\timer.obj) LARGE OPTIMIZE(11,SIZE) INCDIR(C:\
                    -Keil\C51\inc)

line level    source

   1          #include<reg51.h>
   2          #include"timer.h"
   3          #include"sensor.h"
   4          static unsigned long _TimerClock=0;
   5          unsigned long clock()
   6          {
   7   1          return _TimerClock;
   8   1      }
   9          void sleep(clock_t time)
  10          {
  11   1          clock_t start=clock();
  12   1          while(clock()-start<time){}
  13   1      }
  14          void initTimer()
  15          {
  16   1          //TMOD=0x10;
  17   1          //PT1=1;
  18   1          TH1=(CYCLE_WHOLE-CYCLE_DELAY)/256;
  19   1          TL1=(CYCLE_WHOLE-CYCLE_DELAY)%256;
  20   1          ET1=1;
  21   1          TR1=1;
  22   1      }
  23          
  24          
  25          static void timer() interrupt 3
  26          {
  27   1          TH1=(CYCLE_WHOLE-CYCLE_DELAY)/256;
  28   1          TL1=(CYCLE_WHOLE-CYCLE_DELAY)%256;
  29   1          _TimerClock+=TIME_INC;
  30   1      }
  31          


MODULE INFORMATION:   STATIC OVERLAYABLE
   CODE SIZE        =    133    ----
   CONSTANT SIZE    =   ----    ----
   XDATA SIZE       =      4       8
   PDATA SIZE       =   ----    ----
   DATA SIZE        =   ----    ----
   IDATA SIZE       =   ----    ----
   BIT SIZE         =   ----    ----
END OF MODULE INFORMATION.


C51 COMPILATION COMPLETE.  0 WARNING(S),  0 ERROR(S)
