C51 COMPILER V9.01   MAIN                                                                  09/07/2016 16:35:58 PAGE 1   


C51 COMPILER V9.01, COMPILATION OF MODULE MAIN
OBJECT MODULE PLACED IN obj\Debug\main.obj
COMPILER INVOKED BY: C:\Keil\C51\BIN\C51.exe main.c OBJECT(obj\Debug\main.obj) LARGE DEBUG OBJECTEXTEND INCDIR(C:\Keil\C
                    -51\inc)

line level    source

   1          /*
   2           */
   3          
   4          #include <reg51.h>
   5          
   6          void main(void)
   7          {
   8   1      
   9   1          // Insert code
  10   1      
  11   1          while(1)
  12   1              ;
  13   1      
  14   1      }


MODULE INFORMATION:   STATIC OVERLAYABLE
   CODE SIZE        =      2    ----
   CONSTANT SIZE    =   ----    ----
   XDATA SIZE       =   ----    ----
   PDATA SIZE       =   ----    ----
   DATA SIZE        =   ----    ----
   IDATA SIZE       =   ----    ----
   BIT SIZE         =   ----    ----
END OF MODULE INFORMATION.


C51 COMPILATION COMPLETE.  0 WARNING(S),  0 ERROR(S)
